This file contains any messages produced by compilers while
running configure, to aid debugging if configure makes a mistake.

It was created by libogg configure 1.3.6, which was
generated by GNU Autoconf 2.71.  Invocation command line was

  $ ./configure --prefix=/mingw64 --host=x86_64-w64-mingw32

## --------- ##
## Platform. ##
## --------- ##

hostname = DESKTOP-RKNKJNR
uname -m = x86_64
uname -r = 3.6.4-23a25d49.x86_64
uname -s = MINGW64_NT-10.0-26100
uname -v = 2025-07-16 16:15 UTC

/usr/bin/uname -p = unknown
/bin/uname -X     = unknown

/bin/arch              = x86_64
/usr/bin/arch -k       = unknown
/usr/convex/getsysinfo = unknown
/usr/bin/hostinfo      = unknown
/bin/machine           = unknown
/usr/bin/oslevel       = unknown
/bin/universe          = unknown

PATH: /ucrt64/bin/
PATH: /usr/local/bin/
PATH: /usr/bin/
PATH: /bin/
PATH: /c/Windows/System32/
PATH: /c/Windows/
PATH: /c/Windows/System32/Wbem/
PATH: /c/Windows/System32/WindowsPowerShell/v1.0/
PATH: /usr/bin/site_perl/
PATH: /usr/bin/vendor_perl/
PATH: /usr/bin/core_perl/
PATH: /home/foo/Go/bin/


## ----------- ##
## Core tests. ##
## ----------- ##

configure:2260: loading site script /etc/config.site
| # This file is in public domain.
| # Original author: Karlson2k (Evgeny Grin)
| # Written for MSys2 to help running 'configure' scripts
| 
| # Defaults for MSys2/MinGW64-targeted programs
| 
| # Set proper selfname on bash and fallback to default name on other shells
| test -n "${BASH_SOURCE}" 2>/dev/null && config_site_me="${BASH_SOURCE[0]##*/}" || config_site_me=config.site
| 
| # Set default 'host' to speedup configure
| if test -z "$build_alias"; then
|   build_alias="${MSYSTEM_CHOST}"  && \
|     ${as_echo-echo} "$config_site_me:${as_lineno-$LINENO}: default build_alias set to $build_alias" >&5
| fi
| 
| # Set default 'prefix'
| if ( test -z "$prefix" || test "x$prefix" = "xNONE" ) && \
|     ( test -z "$exec_prefix" || test "x$exec_prefix" = "xNONE" ); then
|   prefix="${MSYSTEM_PREFIX}" && \
|     ${as_echo-echo} "$config_site_me:${as_lineno-$LINENO}: default prefix set to $prefix" >&5
| fi
config.site:13: default build_alias set to x86_64-w64-mingw32
configure:2619: looking for aux files: missing install-sh compile config.guess config.sub ltmain.sh
configure:2632:  trying ./
configure:2661:   ./missing found
configure:2643:   ./install-sh found
configure:2661:   ./compile found
configure:2661:   ./config.guess found
configure:2661:   ./config.sub found
configure:2661:   ./ltmain.sh found
configure:2807: checking build system type
configure:2822: result: x86_64-w64-mingw32
configure:2842: checking host system type
configure:2856: result: x86_64-w64-mingw32
configure:2897: checking how to print strings
configure:2924: result: printf
configure:2965: checking for x86_64-w64-mingw32-gcc
configure:2986: found /ucrt64/bin/x86_64-w64-mingw32-gcc
configure:2997: result: x86_64-w64-mingw32-gcc
configure:3395: checking for C compiler version
configure:3404: x86_64-w64-mingw32-gcc --version >&5
x86_64-w64-mingw32-gcc.exe (Rev7, Built by MSYS2 project) 15.1.0
Copyright (C) 2025 Free Software Foundation, Inc.
This is free software; see the source for copying conditions.  There is NO
warranty; not even for MERCHANTABILITY or FITNESS FOR A PARTICULAR PURPOSE.

configure:3415: $? = 0
configure:3404: x86_64-w64-mingw32-gcc -v >&5
Using built-in specs.
COLLECT_GCC=C:\msys64\ucrt64\bin\x86_64-w64-mingw32-gcc.exe
COLLECT_LTO_WRAPPER=C:/msys64/ucrt64/bin/../lib/gcc/x86_64-w64-mingw32/15.1.0/lto-wrapper.exe
Target: x86_64-w64-mingw32
Configured with: ../gcc-15.1.0/configure --prefix=/ucrt64 --with-local-prefix=/ucrt64/local --with-native-system-header-dir=/ucrt64/include --libexecdir=/ucrt64/lib --enable-bootstrap --enable-checking=release --with-arch=nocona --with-tune=generic --enable-mingw-wildcard --enable-languages=c,lto,c++,fortran,ada,objc,obj-c++,jit --enable-shared --enable-static --enable-libatomic --enable-threads=posix --enable-graphite --enable-fully-dynamic-string --enable-libstdcxx-backtrace=yes --enable-libstdcxx-filesystem-ts --enable-libstdcxx-time --disable-libstdcxx-pch --enable-lto --enable-libgomp --disable-libssp --disable-multilib --disable-rpath --disable-win32-registry --disable-nls --disable-werror --disable-symvers --with-libiconv --with-system-zlib --with-gmp=/ucrt64 --with-mpfr=/ucrt64 --with-mpc=/ucrt64 --with-isl=/ucrt64 --with-pkgversion='Rev7, Built by MSYS2 project' --with-bugurl=https://github.com/msys2/MINGW-packages/issues --with-gnu-as --with-gnu-ld --with-libstdcxx-zoneinfo=yes --disable-libstdcxx-debug --enable-plugin --with-boot-ldflags=-static-libstdc++ --with-stage1-ldflags=-static-libstdc++
Thread model: posix
Supported LTO compression algorithms: zlib zstd
gcc version 15.1.0 (Rev7, Built by MSYS2 project) 
configure:3415: $? = 0
configure:3404: x86_64-w64-mingw32-gcc -V >&5
x86_64-w64-mingw32-gcc.exe: error: unrecognized command-line option '-V'
x86_64-w64-mingw32-gcc.exe: fatal error: no input files
compilation terminated.
configure:3415: $? = 1
configure:3404: x86_64-w64-mingw32-gcc -qversion >&5
x86_64-w64-mingw32-gcc.exe: error: unrecognized command-line option '-qversion'; did you mean '--version'?
x86_64-w64-mingw32-gcc.exe: fatal error: no input files
compilation terminated.
configure:3415: $? = 1
configure:3404: x86_64-w64-mingw32-gcc -version >&5
x86_64-w64-mingw32-gcc.exe: error: unrecognized command-line option '-version'
x86_64-w64-mingw32-gcc.exe: fatal error: no input files
compilation terminated.
configure:3415: $? = 1
configure:3435: checking whether the C compiler works
configure:3457: x86_64-w64-mingw32-gcc    conftest.c  >&5
configure:3461: $? = 1
configure:3501: result: no
configure: failed program was:
| /* confdefs.h */
| #define PACKAGE_NAME "libogg"
| #define PACKAGE_TARNAME "libogg"
| #define PACKAGE_VERSION "1.3.6"
| #define PACKAGE_STRING "libogg 1.3.6"
| #define PACKAGE_BUGREPORT ""
| #define PACKAGE_URL ""
| /* end confdefs.h.  */
| 
| int
| main (void)
| {
| 
|   ;
|   return 0;
| }
configure:3506: error: in `/c/Users/foo/fivem/audio/libogg-1.3.6':
configure:3508: error: C compiler cannot create executables
See `config.log' for more details

## ---------------- ##
## Cache variables. ##
## ---------------- ##

ac_cv_build=x86_64-w64-mingw32
ac_cv_env_CC_set=
ac_cv_env_CC_value=
ac_cv_env_CFLAGS_set=
ac_cv_env_CFLAGS_value=
ac_cv_env_CPPFLAGS_set=
ac_cv_env_CPPFLAGS_value=
ac_cv_env_LDFLAGS_set=
ac_cv_env_LDFLAGS_value=
ac_cv_env_LIBS_set=
ac_cv_env_LIBS_value=
ac_cv_env_LT_SYS_LIBRARY_PATH_set=
ac_cv_env_LT_SYS_LIBRARY_PATH_value=
ac_cv_env_build_alias_set=
ac_cv_env_build_alias_value=
ac_cv_env_host_alias_set=set
ac_cv_env_host_alias_value=x86_64-w64-mingw32
ac_cv_env_target_alias_set=
ac_cv_env_target_alias_value=
ac_cv_host=x86_64-w64-mingw32
ac_cv_prog_CC=x86_64-w64-mingw32-gcc

## ----------------- ##
## Output variables. ##
## ----------------- ##

ACLOCAL=''
AMDEPBACKSLASH=''
AMDEP_FALSE=''
AMDEP_TRUE=''
AMTAR=''
AM_BACKSLASH=''
AM_DEFAULT_V=''
AM_DEFAULT_VERBOSITY=''
AM_V=''
AR=''
AUTOCONF=''
AUTOHEADER=''
AUTOMAKE=''
AWK=''
CC='x86_64-w64-mingw32-gcc'
CCDEPMODE=''
CFLAGS=''
CPPFLAGS=''
CSCOPE=''
CTAGS=''
CYGPATH_W=''
DEBUG=''
DEFS=''
DEPDIR=''
DISABLE_CRC_FALSE=''
DISABLE_CRC_TRUE=''
DLLTOOL=''
DSYMUTIL=''
DUMPBIN=''
ECHO_C=''
ECHO_N='-n'
ECHO_T=''
EGREP=''
ETAGS=''
EXEEXT=''
FGREP=''
FILECMD=''
GREP=''
INCLUDE_INTTYPES_H=''
INCLUDE_STDINT_H=''
INCLUDE_SYS_TYPES_H=''
INSTALL_DATA=''
INSTALL_PROGRAM=''
INSTALL_SCRIPT=''
INSTALL_STRIP_PROGRAM=''
LD=''
LDFLAGS=''
LIBOBJS=''
LIBS=''
LIBTOOL=''
LIBTOOL_DEPS=''
LIB_AGE=''
LIB_CURRENT=''
LIB_REVISION=''
LIPO=''
LN_S=''
LTLIBOBJS=''
LT_SYS_LIBRARY_PATH=''
MAINT=''
MAINTAINER_MODE_FALSE=''
MAINTAINER_MODE_TRUE=''
MAKEINFO=''
MANIFEST_TOOL=''
MKDIR_P=''
NM=''
NMEDIT=''
OBJDUMP=''
OBJEXT=''
OPT=''
OTOOL64=''
OTOOL=''
PACKAGE=''
PACKAGE_BUGREPORT=''
PACKAGE_NAME='libogg'
PACKAGE_STRING='libogg 1.3.6'
PACKAGE_TARNAME='libogg'
PACKAGE_URL=''
PACKAGE_VERSION='1.3.6'
PATH_SEPARATOR=':'
PROFILE=''
RANLIB=''
SED=''
SET_MAKE=''
SHELL='/bin/sh'
SIZE16=''
SIZE32=''
SIZE64=''
STRIP=''
TEST_ENV=''
USIZE16=''
USIZE32=''
USIZE64=''
VALGRIND=''
VERSION=''
ac_ct_AR=''
ac_ct_CC=''
ac_ct_DUMPBIN=''
am__EXEEXT_FALSE=''
am__EXEEXT_TRUE=''
am__fastdepCC_FALSE=''
am__fastdepCC_TRUE=''
am__include=''
am__isrc=''
am__leading_dot=''
am__nodep=''
am__quote=''
am__tar=''
am__untar=''
bindir='${exec_prefix}/bin'
build='x86_64-w64-mingw32'
build_alias='x86_64-w64-mingw32'
build_cpu='x86_64'
build_os='mingw32'
build_vendor='w64'
datadir='${datarootdir}'
datarootdir='${prefix}/share'
docdir='${datarootdir}/doc/${PACKAGE_TARNAME}'
dvidir='${docdir}'
exec_prefix='NONE'
host='x86_64-w64-mingw32'
host_alias='x86_64-w64-mingw32'
host_cpu='x86_64'
host_os='mingw32'
host_vendor='w64'
htmldir='${docdir}'
includedir='${prefix}/include'
infodir='${datarootdir}/info'
install_sh=''
libdir='${exec_prefix}/lib'
libexecdir='${exec_prefix}/libexec'
localedir='${datarootdir}/locale'
localstatedir='${prefix}/var'
mandir='${datarootdir}/man'
mkdir_p=''
oldincludedir='/usr/include'
pdfdir='${docdir}'
prefix='/mingw64'
program_transform_name='s,x,x,'
psdir='${docdir}'
runstatedir='${localstatedir}/run'
sbindir='${exec_prefix}/sbin'
sharedstatedir='${prefix}/com'
sysconfdir='${prefix}/etc'
target_alias=''

## ----------- ##
## confdefs.h. ##
## ----------- ##

/* confdefs.h */
#define PACKAGE_NAME "libogg"
#define PACKAGE_TARNAME "libogg"
#define PACKAGE_VERSION "1.3.6"
#define PACKAGE_STRING "libogg 1.3.6"
#define PACKAGE_BUGREPORT ""
#define PACKAGE_URL ""

configure: exit 77
